This is pdfTeX, Version 3.14159265-2.6-1.40.15 (TeX Live 2015/dev/Debian) (preloaded format=pdflatex 2015.5.14)  3 JUN 2015 08:58
entering extended mode
 restricted \write18 enabled.
 %&-line parsing enabled.
**main.tex
(./main.tex
LaTeX2e <2014/05/01>
Babel <3.9l> and hyphenation patterns for 2 languages loaded.
(/usr/share/texlive/texmf-dist/tex/latex/newlfm/newlfm.cls
Document Class: newlfm 2009/04/10 v9.4 Letter-Fax-Memo LaTeX Document Class
(/usr/share/texlive/texmf-dist/tex/latex/graphics/keyval.sty
Package: keyval 2014/05/08 v1.15 key=value parser (DPC)
\KV@toks@=\toks14
)
(/usr/share/texlive/texmf-dist/tex/latex/base/ifthen.sty
Package: ifthen 2014/09/29 v1.1c Standard LaTeX ifthen package (DPC)
)
(/usr/share/texlive/texmf-dist/tex/generic/oberdiek/ifpdf.sty
Package: ifpdf 2011/01/30 v2.3 Provides the ifpdf switch (HO)
Package ifpdf Info: pdfTeX in PDF mode is detected.
)
(/usr/share/texlive/texmf-dist/tex/latex/newlfm/setdim.sty
Package: setdim 2009/04/10 v9.4 Address macros
)
(/usr/share/texlive/texmf-dist/tex/latex/fancyhdr/fancyhdr.sty
\fancy@headwidth=\skip41
\f@ncyO@elh=\skip42
\f@ncyO@erh=\skip43
\f@ncyO@olh=\skip44
\f@ncyO@orh=\skip45
\f@ncyO@elf=\skip46
\f@ncyO@erf=\skip47
\f@ncyO@olf=\skip48
\f@ncyO@orf=\skip49
)
(/usr/share/texlive/texmf-dist/tex/latex/eso-pic/eso-pic.sty
Package: eso-pic 2013/10/06 v2.0d eso-pic (RN)

(/usr/share/texlive/texmf-dist/tex/generic/oberdiek/atbegshi.sty
Package: atbegshi 2011/10/05 v1.16 At begin shipout hook (HO)

(/usr/share/texlive/texmf-dist/tex/generic/oberdiek/infwarerr.sty
Package: infwarerr 2010/04/08 v1.3 Providing info/warning/error messages (HO)
)
(/usr/share/texlive/texmf-dist/tex/generic/oberdiek/ltxcmds.sty
Package: ltxcmds 2011/11/09 v1.22 LaTeX kernel commands for general use (HO)
))
(/usr/share/texlive/texmf-dist/tex/latex/xcolor/xcolor.sty
Package: xcolor 2007/01/21 v2.11 LaTeX color extensions (UK)

(/usr/share/texlive/texmf-dist/tex/latex/latexconfig/color.cfg
File: color.cfg 2007/01/18 v1.5 color configuration of teTeX/TeXLive
)
Package xcolor Info: Driver file: pdftex.def on input line 225.

(/usr/share/texlive/texmf-dist/tex/latex/pdftex-def/pdftex.def
File: pdftex.def 2011/05/27 v0.06d Graphics/color for pdfTeX
\Gread@gobject=\count79
)
Package xcolor Info: Model `cmy' substituted by `cmy0' on input line 1337.
Package xcolor Info: Model `hsb' substituted by `rgb' on input line 1341.
Package xcolor Info: Model `RGB' extended on input line 1353.
Package xcolor Info: Model `HTML' substituted by `rgb' on input line 1355.
Package xcolor Info: Model `Hsb' substituted by `hsb' on input line 1356.
Package xcolor Info: Model `tHsb' substituted by `hsb' on input line 1357.
Package xcolor Info: Model `HSB' substituted by `hsb' on input line 1358.
Package xcolor Info: Model `Gray' substituted by `gray' on input line 1359.
Package xcolor Info: Model `wave' substituted by `hsb' on input line 1360.
))
(/usr/share/texlive/texmf-dist/tex/latex/setspace/setspace.sty
Package: setspace 2011/12/19 v6.7a set line spacing
)
(/usr/share/texlive/texmf-dist/tex/latex/lastpage/lastpage.sty
Package: lastpage 2013/01/28 v1.2l Refers to last page's name (HMM; JPG)
)
(/usr/share/texlive/texmf-dist/tex/latex/tools/calc.sty
Package: calc 2014/10/28 v4.3 Infix arithmetic (KKT,FJ)
\calc@Acount=\count80
\calc@Bcount=\count81
\calc@Adimen=\dimen102
\calc@Bdimen=\dimen103
\calc@Askip=\skip50
\calc@Bskip=\skip51
LaTeX Info: Redefining \setlength on input line 75.
LaTeX Info: Redefining \addtolength on input line 76.
\calc@Ccount=\count82
\calc@Cskip=\skip52
)
(/usr/share/texlive/texmf-dist/tex/latex/graphics/graphicx.sty
Package: graphicx 2014/04/25 v1.0g Enhanced LaTeX Graphics (DPC,SPQR)

(/usr/share/texlive/texmf-dist/tex/latex/graphics/graphics.sty
Package: graphics 2009/02/05 v1.0o Standard LaTeX Graphics (DPC,SPQR)

(/usr/share/texlive/texmf-dist/tex/latex/graphics/trig.sty
Package: trig 1999/03/16 v1.09 sin cos tan (DPC)
)
(/usr/share/texlive/texmf-dist/tex/latex/latexconfig/graphics.cfg
File: graphics.cfg 2010/04/23 v1.9 graphics configuration of TeX Live
)
Package graphics Info: Driver file: pdftex.def on input line 91.
)
\Gin@req@height=\dimen104
\Gin@req@width=\dimen105
)
(/usr/share/texlive/texmf-dist/tex/latex/rotating/rotating.sty
Package: rotating 2009/03/28 v2.16a rotated objects in LaTeX
\c@r@tfl@t=\count83
\rotFPtop=\skip53
\rotFPbot=\skip54
\rot@float@box=\box26
\rot@mess@toks=\toks15
)
\@addr@fr@sk@b=\skip55
\@addr@fr@sk@a=\skip56
\@addr@to@sk@b=\skip57
\@addr@to@sk@a=\skip58
\@blka@b=\skip59
\@blka@a=\skip60
\@blkb@b=\skip61
\@blkb@a=\skip62
\@blkc@b=\skip63
\@blkc@a=\skip64
\@caption@skip@above=\skip65
\@caption@skip@below=\skip66
\@cello@h=\skip67
\@cello@w=\skip68
\@cello@d=\skip69
\@cello@l=\skip70
\@dt@sk@b=\skip71
\@dt@sk@a=\skip72
\@Dth@H@L=\skip73
\@Dth@H@C=\skip74
\@Dth@H@R=\skip75
\@Dth@F@L=\skip76
\@Dth@F@C=\skip77
\@Dth@F@R=\skip78
\@Dth@h@l=\skip79
\@Dth@h@c=\skip80
\@Dth@h@r=\skip81
\@Dth@f@l=\skip82
\@Dth@f@c=\skip83
\@Dth@f@r=\skip84
\@greet@to@sk@b=\skip85
\@greet@to@sk@a=\skip86
\@Hgt@Head=\skip87
\@Hrw=\skip88
\@hrw=\skip89
\@extr@hor=\skip90
\@Frw=\skip91
\@frw=\skip92
\@Hgt@Foot=\skip93
\@Hgt@head=\skip94
\@Hgt@foot=\skip95
\@Hgt@H@L=\skip96
\@Hgt@H@C=\skip97
\@Hgt@H@R=\skip98
\@Hgt@F@L=\skip99
\@Hgt@F@C=\skip100
\@Hgt@F@R=\skip101
\@Hgt@h@l=\skip102
\@Hgt@h@c=\skip103
\@Hgt@h@r=\skip104
\@Hgt@f@l=\skip105
\@Hgt@f@c=\skip106
\@Hgt@f@r=\skip107
\@lab@bl=\skip108
\@lab@pl=\skip109
\@lab@pw=\skip110
\@lab@bh=\skip111
\@lab@bw=\skip112
\@lab@th=\skip113
\@lab@lm=\skip114
\@marg@lt=\skip115
\@marg@rt=\skip116
\@marg@tp=\skip117
\@marg@bt=\skip118
\@marg@tp@a=\skip119
\@marg@bt@a=\skip120
\@marg@bt@b=\skip121
\@marg@tp@b=\skip122
\@marg@tp@s=\skip123
\@marg@lt@r=\skip124
\@marg@lt@l=\skip125
\@marg@rt@r=\skip126
\@marg@rt@l=\skip127
\@marg@lt@tp@d=\skip128
\@marg@rt@tp@d=\skip129
\@Min@Hgt@Head=\skip130
\@Min@Hgt@head=\skip131
\@Min@Hgt@Foot=\skip132
\@Min@Hgt@foot=\skip133
\@Min@Hgt@Right=\skip134
\@Min@Hgt@right=\skip135
\@Min@Hgt@Left=\skip136
\@Min@Hgt@left=\skip137
\@Plg=\skip138
\@Pwd=\skip139
\@plg=\skip140
\@pwd=\skip141
\@post@sig@sp@a=\skip142
\@post@sig@sp@b=\skip143
\@pre@memo@sp=\skip144
\@post@memo@sp=\skip145
\@sig@sp=\skip146
\@text@width=\skip147
\@sig@sk@a=\skip148
\@sig@sk@b=\skip149
\@sig@sk@c=\skip150
\@sig@sk@r=\skip151
\@cls@sk@a=\skip152
\@cls@sk@b=\skip153
\@text@height=\skip154
\@unpr@tp=\skip155
\@unpr@bm=\skip156
\@unpr@rt=\skip157
\@unpr@lt=\skip158
\@util=\skip159
\@utila=\skip160
\@utilb=\skip161
\@utilc=\skip162
\@utild=\skip163
\@utile=\skip164
\@utilf=\skip165
\@utilg=\skip166
\@utilh=\skip167
\@utili=\skip168
\@utilj=\skip169
\@utilk=\skip170
\@utill=\skip171
\@xda=\skip172
\@xdb=\skip173
\@xdc=\skip174
\@xdd=\skip175
\@xde=\skip176
\@xdf=\skip177
\@xdg=\skip178
\@xdh=\skip179
\@xdi=\skip180
\@sig@box@a=\box27
\b@addr@fr=\box28
\b@addr@to=\box29
\@x@c=\box30
\@x@l=\box31
\@x@r=\box32
\fba=\box33
\adrfr=\box34
\adrto=\box35
\@sig@box@b=\box36
\@sig@box@c=\box37
\@sig@box@d=\box38
\@sig@box@e=\box39
\@sig@box@f=\box40
\@sig@box@g=\box41
\@sig@box@h=\box42
\@sig@box@i=\box43
\@sig@box@j=\box44
\@rest@ltr=\box45
\@resta@ltr=\box46
\@restb@ltr=\box47
\@restc@ltr=\box48
\@restd@ltr=\box49
\@reste@ltr=\box50
\c@@c@pos=\count84
\c@figure=\count85
\c@table=\count86
\c@@sig@tot=\count87
\c@@lab@tot@row=\count88
\c@@lab@tot@col=\count89
\c@@lab@cnt@row=\count90
\c@@lab@cnt@col=\count91
\@nlfm@addr=\count92
\@nlfm@util=\count93
\@nlfm@uta=\count94
\@nlfm@utb=\count95

All language information must be in newlfm.cls
(/usr/share/texlive/texmf-dist/tex/latex/base/letter.cls
Document Class: letter 2014/09/29 v1.2z Standard LaTeX document class
(/usr/share/texlive/texmf-dist/tex/latex/base/size11.clo
File: size11.clo 2014/09/29 v1.4h Standard LaTeX file (size option)
)
\longindentation=\dimen106
\indentedwidth=\dimen107
\labelcount=\count96
)
(/usr/share/texlive/texmf-dist/tex/latex/newlfm/addrset.sty
Package: addrset 2009/04/10 v9.4 Address macros
)
(/usr/share/texlive/texmf-dist/tex/latex/tools/afterpage.sty
Package: afterpage 2014/10/28 v1.08 After-Page Package (DPC)
\AP@output=\toks16
\AP@partial=\box51
\AP@footins=\box52
)
(/usr/share/texlive/texmf-dist/tex/latex/envlab/envlab.sty
Package: envlab 1997/07/16 v1.2 Envelopes and Labels
Package envlab Info: Envelopes & Labels package: found makelabels...
(envlab)             Seems everything is OK. Good luck. on input line 58.
\@envelopeposition=\count97
\PSEnvelopeTray=\toks17
\EnvelopeWidth=\skip181
\EnvelopeHeight=\skip182
\EnvelopeTopMargin=\skip183
\EnvelopeLeftMargin=\skip184
\LabelWidth=\skip185
\LabelHeight=\skip186
\LabelTopMargin=\skip187
\LabelLeftMargin=\skip188
\LabelRightMargin=\skip189
\c@LabelMaxCol=\count98
\c@LabelMaxRow=\count99
\FromAddressTopMargin=\skip190
\FromAddressLeftMargin=\skip191
\FromAddressHeight=\skip192
\FromAddressWidth=\skip193
\ToAddressTopMargin=\skip194
\ToAddressLeftMargin=\skip195
\ToAddressWidth=\skip196

Loading configuration file envlab.cfg
(/usr/share/texlive/texmf-dist/tex/latex/envlab/envlab.cfg
File: envlab.cfg 1997/07/16 v1.2 Envelopes and Labels
)
\c@LabelCountCol=\count100
\c@LabelCountRow=\count101
\c@LabelOffsetCol=\count102
\c@LabelOffsetRow=\count103
\@numreturnlabels=\count104
\@zipcode=\toks18
\@zipcodesum=\count105
\@barcodewidth=\skip197
\@barcodeLheight=\skip198
\@barcodeSheight=\skip199
\@barcodeskip=\skip200
\@addr@cap=\toks19
)
The default definition for memosec is used. File memosec.tex doesn't exist.
Reading press release page setup from prsrls.tex
(./prsrls.tex)
faxpage definitions stored in newlfm.cls
letrinfo.tex\ not found. All letter definitions must be in newlfm.cls
LaTeX Info: Redefining \@texttop on input line 1884.
\@rep@th=\dimen108
\@rep@tw=\dimen109
\@rep@om=\dimen110
\@rep@em=\dimen111
\@rep@cs=\dimen112
\@rep@tm=\dimen113
\@rep@hh=\dimen114
\@rep@hs=\dimen115
\@rep@fs=\dimen116
) (/usr/share/texlive/texmf-dist/tex/latex/psnfss/charter.sty
Package: charter 2005/04/12 PSNFSS-v9.2a (P.Dyballa) 
) (./main.aux)
\openout1 = `main.aux'.

LaTeX Font Info:    Checking defaults for OML/cmm/m/it on input line 58.
LaTeX Font Info:    ... okay on input line 58.
LaTeX Font Info:    Checking defaults for T1/cmr/m/n on input line 58.
LaTeX Font Info:    ... okay on input line 58.
LaTeX Font Info:    Checking defaults for OT1/cmr/m/n on input line 58.
LaTeX Font Info:    ... okay on input line 58.
LaTeX Font Info:    Checking defaults for OMS/cmsy/m/n on input line 58.
LaTeX Font Info:    ... okay on input line 58.
LaTeX Font Info:    Checking defaults for OMX/cmex/m/n on input line 58.
LaTeX Font Info:    ... okay on input line 58.
LaTeX Font Info:    Checking defaults for U/cmr/m/n on input line 58.
LaTeX Font Info:    ... okay on input line 58.
LaTeX Font Info:    Try loading font information for OT1+bch on input line 58.

(/usr/share/texlive/texmf-dist/tex/latex/psnfss/ot1bch.fd
File: ot1bch.fd 2004/10/18 font definitions for OT1/bch.
)
\AtBeginShipoutBox=\box53

(/usr/share/texlive/texmf-dist/tex/context/base/supp-pdf.mkii
[Loading MPS to PDF converter (version 2006.09.02).]
\scratchcounter=\count106
\scratchdimen=\dimen117
\scratchbox=\box54
\nofMPsegments=\count107
\nofMParguments=\count108
\everyMPshowfont=\toks20
\MPscratchCnt=\count109
\MPscratchDim=\dimen118
\MPnumerator=\count110
\makeMPintoPDFobject=\count111
\everyMPtoPDFconversion=\toks21
)
Package lastpage Info: Please have a look at the pageslts package at
(lastpage)             http://www.ctan.org/tex-archive/ 
(lastpage)             macros/latex/contrib/pageslts/ 
(lastpage)             or
(lastpage)             http://www.ctan.org/tex-archive/ 
(lastpage)             install/macros/latex/contrib/pageslts.tds.zip
(lastpage)             ! on input line 58.
 (/usr/share/texlive/texmf-dist/tex/generic/oberdiek/pdftexcmds.sty
Package: pdftexcmds 2011/11/29 v0.20 Utility functions of pdfTeX for LuaTeX (HO
)

(/usr/share/texlive/texmf-dist/tex/generic/oberdiek/ifluatex.sty
Package: ifluatex 2010/03/01 v1.3 Provides the ifluatex switch (HO)
Package ifluatex Info: LuaTeX not detected.
)
Package pdftexcmds Info: LuaTeX not detected.
Package pdftexcmds Info: \pdf@primitive is available.
Package pdftexcmds Info: \pdf@ifprimitive is available.
Package pdftexcmds Info: \pdfdraftmode found.
)
(/usr/share/texlive/texmf-dist/tex/latex/oberdiek/epstopdf-base.sty
Package: epstopdf-base 2010/02/09 v2.5 Base part for package epstopdf

(/usr/share/texlive/texmf-dist/tex/latex/oberdiek/grfext.sty
Package: grfext 2010/08/19 v1.1 Manage graphics extensions (HO)

(/usr/share/texlive/texmf-dist/tex/generic/oberdiek/kvdefinekeys.sty
Package: kvdefinekeys 2011/04/07 v1.3 Define keys (HO)
))
(/usr/share/texlive/texmf-dist/tex/latex/oberdiek/kvoptions.sty
Package: kvoptions 2011/06/30 v3.11 Key value format for package options (HO)

(/usr/share/texlive/texmf-dist/tex/generic/oberdiek/kvsetkeys.sty
Package: kvsetkeys 2012/04/25 v1.16 Key value parser (HO)

(/usr/share/texlive/texmf-dist/tex/generic/oberdiek/etexcmds.sty
Package: etexcmds 2011/02/16 v1.5 Avoid name clashes with e-TeX commands (HO)
Package etexcmds Info: Could not find \expanded.
(etexcmds)             That can mean that you are not using pdfTeX 1.50 or
(etexcmds)             that some package has redefined \expanded.
(etexcmds)             In the latter case, load this package earlier.
)))
Package grfext Info: Graphics extension search list:
(grfext)             [.png,.pdf,.jpg,.mps,.jpeg,.jbig2,.jb2,.PNG,.PDF,.JPG,.JPE
G,.JBIG2,.JB2,.eps]
(grfext)             \AppendGraphicsExtensions on input line 452.

(/usr/share/texlive/texmf-dist/tex/latex/latexconfig/epstopdf-sys.cfg
File: epstopdf-sys.cfg 2010/07/13 v1.3 Configuration of (r)epstopdf for TeX Liv
e
))
LaTeX Font Info:    External font `cmex10' loaded for size
(Font)              <10.95> on input line 59.
LaTeX Font Info:    External font `cmex10' loaded for size
(Font)              <8> on input line 59.
LaTeX Font Info:    External font `cmex10' loaded for size
(Font)              <6> on input line 59.

Underfull \hbox (badness 10000) detected at line 59
  
 []

LaTeX Font Info:    External font `cmex10' loaded for size
(Font)              <12> on input line 59.
[1


{/var/lib/texmf/fonts/map/pdftex/updmap/pdftex.map}]

Package Fancyhdr Warning: \headheight is too small (73.00108pt): 
 Make it at least 74.58551pt.
 We now make it that large for the rest of the document.
 This may cause the page layout to be inconsistent, however.

[2] 
AED: lastpage setting LastPage
(./main.aux) ) 
Here is how much of TeX's memory you used:
 4352 strings out of 495020
 57078 string characters out of 6181324
 135858 words of memory out of 5000000
 7504 multiletter control sequences out of 15000+600000
 20710 words of font info for 41 fonts, out of 8000000 for 9000
 14 hyphenation exceptions out of 8191
 38i,12n,45p,230b,640s stack positions out of 5000i,500n,10000p,200000b,80000s
{/usr/share/texlive/texmf-dist/fonts/enc/dvips/base/8r.enc}</usr/
share/texlive/texmf-dist/fonts/type1/bitstrea/charter/bchb8a.pfb></usr/share/te
xlive/texmf-dist/fonts/type1/bitstrea/charter/bchr8a.pfb></usr/share/texlive/te
xmf-dist/fonts/type1/bitstrea/charter/bchri8a.pfb>
Output written on main.pdf (2 pages, 45560 bytes).
PDF statistics:
 24 PDF objects out of 1000 (max. 8388607)
 16 compressed objects within 1 object stream
 0 named destinations out of 1000 (max. 500000)
 1 words of extra memory for PDF output out of 10000 (max. 10000000)

